<?xml version="1.0" encoding="UTF-8" ?>
<testsuite errors="0" failures="1" hostname="kristianw-Falco" name="NimiTest" tests="1" time="0.236" timestamp="2015-06-17T08:03:41">
  <properties>
[...]
</properties>
  <testcase classname="NimiTest" name="test" time="0.025">
    <failure message="Et tulostanut mitään!" type="junit.framework.AssertionFailedError">junit.framework.AssertionFailedError: Et tulostanut mitään!
	at NimiTest.test(NimiTest.java:17)
	at fi.helsinki.cs.tmc.edutestutils.MockStdio$1.evaluate(MockStdio.java:106)
</failure>
  </testcase>
  <system-out><![CDATA[]]></system-out>
  <system-err><![CDATA[]]></system-err>
</testsuite>
